=== Kaggle Digit Recognizer ===
Reading data
### Reading training data file...
Reading complete! Totally 42000 data
### Reading test data file...
Reading complete! Totally 28000 data
(42000, 784)
(42000,)
(28000, 784)
Reduce size to: 154
(42000, 154)
********** Layers: 400 **********
Loss:  0.0371918782464 , Train score:  0.997205128205 , Iteration:  44 , Time spent:  0:03:18.797370
Correct cases / Total cases:  2920 / 3000
--- Accuracy:  0.973333333333  ---
Loss:  0.00954778845029 , Train score:  0.998128205128 , Iteration:  36 , Time spent:  0:02:41.086214
Correct cases / Total cases:  2917 / 3000
--- Accuracy:  0.972333333333  ---
Loss:  0.00533328588133 , Train score:  0.999256410256 , Iteration:  47 , Time spent:  0:03:37.792457
Correct cases / Total cases:  2941 / 3000
--- Accuracy:  0.980333333333  ---
Loss:  0.00299045197293 , Train score:  0.999897435897 , Iteration:  25 , Time spent:  0:01:53.069467
Correct cases / Total cases:  2948 / 3000
--- Accuracy:  0.982666666667  ---
Loss:  0.00198937162069 , Train score:  0.999974358974 , Iteration:  48 , Time spent:  0:03:43.320993
Correct cases / Total cases:  2943 / 3000
--- Accuracy:  0.981  ---

********** Layers: 600 **********
Loss:  0.0030321723332 , Train score:  0.999974358974 , Iteration:  28 , Time spent:  0:03:16.672624
Correct cases / Total cases:  2939 / 3000
--- Accuracy:  0.979666666667  ---
Loss:  0.00627214637214 , Train score:  0.999743589744 , Iteration:  44 , Time spent:  0:04:55.607920
Correct cases / Total cases:  2926 / 3000
--- Accuracy:  0.975333333333  ---
Loss:  0.00427000100637 , Train score:  0.999820512821 , Iteration:  33 , Time spent:  0:03:38.431584
Correct cases / Total cases:  2936 / 3000
--- Accuracy:  0.978666666667  ---
Loss:  0.00859018770798 , Train score:  0.999256410256 , Iteration:  40 , Time spent:  0:04:27.025669
Correct cases / Total cases:  2931 / 3000
--- Accuracy:  0.977  ---
Loss:  0.00834976907714 , Train score:  0.99941025641 , Iteration:  44 , Time spent:  0:04:53.077715
Correct cases / Total cases:  2939 / 3000
--- Accuracy:  0.979666666667  ---

********** Layers: 700 **********
Loss:  0.00368113006656 , Train score:  0.999820512821 , Iteration:  45 , Time spent:  0:06:04.245040
Correct cases / Total cases:  2936 / 3000
--- Accuracy:  0.978666666667  ---
Loss:  0.020146824837 , Train score:  0.998717948718 , Iteration:  38 , Time spent:  0:05:10.003745
Correct cases / Total cases:  2937 / 3000
--- Accuracy:  0.979  ---
Loss:  0.011737995455 , Train score:  0.999307692308 , Iteration:  37 , Time spent:  0:05:01.704530
Correct cases / Total cases:  2938 / 3000
--- Accuracy:  0.979333333333  ---
Loss:  0.00649683914185 , Train score:  0.998769230769 , Iteration:  45 , Time spent:  0:05:59.299831
Correct cases / Total cases:  2930 / 3000
--- Accuracy:  0.976666666667  ---
Loss:  0.00670866163211 , Train score:  0.999769230769 , Iteration:  47 , Time spent:  0:06:18.300664
Correct cases / Total cases:  2937 / 3000
--- Accuracy:  0.979  ---

********** Layers: 800 **********
Loss:  0.00844618135601 , Train score:  0.998846153846 , Iteration:  39 , Time spent:  0:05:53.855421
Correct cases / Total cases:  2944 / 3000
--- Accuracy:  0.981333333333  ---
Loss:  0.00695916518657 , Train score:  0.999358974359 , Iteration:  46 , Time spent:  0:07:02.713943
Correct cases / Total cases:  2948 / 3000
--- Accuracy:  0.982666666667  ---
Loss:  0.00364863227032 , Train score:  0.999974358974 , Iteration:  44 , Time spent:  0:06:43.806710
Correct cases / Total cases:  2939 / 3000
--- Accuracy:  0.979666666667  ---
Loss:  0.00436584401114 , Train score:  0.999615384615 , Iteration:  36 , Time spent:  0:05:36.773392
Correct cases / Total cases:  2935 / 3000
--- Accuracy:  0.978333333333  ---
Loss:  0.00362202904196 , Train score:  0.999820512821 , Iteration:  37 , Time spent:  0:05:46.351809
Correct cases / Total cases:  2943 / 3000
--- Accuracy:  0.981  ---

********** Layers: 1200 **********
Loss:  0.00457504234964 , Train score:  0.999974358974 , Iteration:  24 , Time spent:  0:05:20.346563
Correct cases / Total cases:  2940 / 3000
--- Accuracy:  0.98  ---
Loss:  0.00540600387263 , Train score:  0.999769230769 , Iteration:  36 , Time spent:  0:08:07.875257
Correct cases / Total cases:  2950 / 3000
--- Accuracy:  0.983333333333  ---
Loss:  0.00619214399472 , Train score:  0.999897435897 , Iteration:  42 , Time spent:  0:09:27.747397
Correct cases / Total cases:  2947 / 3000
--- Accuracy:  0.982333333333  ---
Loss:  0.0108491085396 , Train score:  0.999205128205 , Iteration:  31 , Time spent:  0:06:58.642336
Correct cases / Total cases:  2937 / 3000
--- Accuracy:  0.979  ---
Loss:  0.00383720827691 , Train score:  0.999871794872 , Iteration:  42 , Time spent:  0:09:12.381370
Correct cases / Total cases:  2952 / 3000
--- Accuracy:  0.984  ---

********** Layers: 1600 **********
Loss:  0.0069643049112 , Train score:  0.999769230769 , Iteration:  39 , Time spent:  0:11:28.975210
Correct cases / Total cases:  2953 / 3000
--- Accuracy:  0.984333333333  ---
Loss:  0.0101492815752 , Train score:  0.999128205128 , Iteration:  39 , Time spent:  0:11:46.696841
Correct cases / Total cases:  2951 / 3000
--- Accuracy:  0.983666666667  ---
Loss:  0.0191209395244 , Train score:  0.993538461538 , Iteration:  16 , Time spent:  0:04:42.064096
Correct cases / Total cases:  2923 / 3000
--- Accuracy:  0.974333333333  ---
Loss:  0.0124580926153 , Train score:  0.998948717949 , Iteration:  41 , Time spent:  0:12:23.606507
Correct cases / Total cases:  2955 / 3000
--- Accuracy:  0.985  ---
Loss:  0.0136489165417 , Train score:  0.996179487179 , Iteration:  16 , Time spent:  0:04:48.413307
Correct cases / Total cases:  2922 / 3000
--- Accuracy:  0.974  ---

********** Layers: (400, 100) **********
Loss:  0.00756941881419 , Train score:  0.999487179487 , Iteration:  16 , Time spent:  0:01:17.828537
Correct cases / Total cases:  2939 / 3000
--- Accuracy:  0.979666666667  ---
Loss:  0.0138285824666 , Train score:  0.994794871795 , Iteration:  17 , Time spent:  0:01:22.212145
Correct cases / Total cases:  2918 / 3000
--- Accuracy:  0.972666666667  ---
Loss:  0.00655825075762 , Train score:  0.992666666667 , Iteration:  16 , Time spent:  0:01:17.032935
Correct cases / Total cases:  2913 / 3000
--- Accuracy:  0.971  ---
Loss:  0.0123037068509 , Train score:  0.997666666667 , Iteration:  17 , Time spent:  0:01:21.634943
Correct cases / Total cases:  2930 / 3000
--- Accuracy:  0.976666666667  ---
Loss:  0.0141019254997 , Train score:  0.997794871795 , Iteration:  14 , Time spent:  0:01:06.237717
Correct cases / Total cases:  2927 / 3000
--- Accuracy:  0.975666666667  ---

********** Layers: (800, 200) **********
Loss:  0.0150284914299 , Train score:  0.993717948718 , Iteration:  13 , Time spent:  0:02:22.537450
Correct cases / Total cases:  2921 / 3000
--- Accuracy:  0.973666666667  ---
Loss:  0.0137600292105 , Train score:  0.997743589744 , Iteration:  12 , Time spent:  0:02:14.581436
Correct cases / Total cases:  2929 / 3000
--- Accuracy:  0.976333333333  ---
Loss:  0.00804291332657 , Train score:  0.998974358974 , Iteration:  13 , Time spent:  0:02:25.361055
Correct cases / Total cases:  2924 / 3000
--- Accuracy:  0.974666666667  ---
Loss:  0.0177693665337 , Train score:  0.998538461538 , Iteration:  21 , Time spent:  0:03:54.827213
Correct cases / Total cases:  2937 / 3000
--- Accuracy:  0.979  ---
Loss:  0.00805741359864 , Train score:  0.998666666667 , Iteration:  18 , Time spent:  0:03:19.524351
Correct cases / Total cases:  2943 / 3000
--- Accuracy:  0.981  ---

********** Layers: (1200, 300) **********
Loss:  0.0143178501134 , Train score:  0.997692307692 , Iteration:  12 , Time spent:  0:03:40.350387
Correct cases / Total cases:  2933 / 3000
--- Accuracy:  0.977666666667  ---
Loss:  0.0127172706351 , Train score:  0.998 , Iteration:  13 , Time spent:  0:03:56.449615
Correct cases / Total cases:  2939 / 3000
--- Accuracy:  0.979666666667  ---
Loss:  0.0138416162148 , Train score:  0.996384615385 , Iteration:  11 , Time spent:  0:03:23.361957
Correct cases / Total cases:  2936 / 3000
--- Accuracy:  0.978666666667  ---
Loss:  0.0132132828498 , Train score:  0.99758974359 , Iteration:  15 , Time spent:  0:04:34.404482
Correct cases / Total cases:  2923 / 3000
--- Accuracy:  0.974333333333  ---
Loss:  0.0123086143403 , Train score:  0.996948717949 , Iteration:  17 , Time spent:  0:05:14.839753
Correct cases / Total cases:  2935 / 3000
--- Accuracy:  0.978333333333  ---

********** Layers: (1600, 400) **********
Loss:  0.0130480616268 , Train score:  0.997512820513 , Iteration:  14 , Time spent:  0:06:14.821858
Correct cases / Total cases:  2942 / 3000
--- Accuracy:  0.980666666667  ---
Loss:  0.0168639434528 , Train score:  0.99641025641 , Iteration:  16 , Time spent:  0:07:08.875953
Correct cases / Total cases:  2928 / 3000
--- Accuracy:  0.976  ---
Loss:  0.011343336983 , Train score:  0.996358974359 , Iteration:  14 , Time spent:  0:06:15.991860
Correct cases / Total cases:  2929 / 3000
--- Accuracy:  0.976333333333  ---
Loss:  0.00953635339207 , Train score:  0.999076923077 , Iteration:  15 , Time spent:  0:06:42.933108
Correct cases / Total cases:  2944 / 3000
--- Accuracy:  0.981333333333  ---
Loss:  0.0132262895268 , Train score:  0.995051282051 , Iteration:  14 , Time spent:  0:06:13.152655
Correct cases / Total cases:  2920 / 3000
--- Accuracy:  0.973333333333  ---

********** Layers: (400, 100, 40) **********
Loss:  0.00763672096878 , Train score:  0.998794871795 , Iteration:  16 , Time spent:  0:01:18.936139
Correct cases / Total cases:  2932 / 3000
--- Accuracy:  0.977333333333  ---
Loss:  0.0115634970701 , Train score:  0.99858974359 , Iteration:  12 , Time spent:  0:00:59.233304
Correct cases / Total cases:  2929 / 3000
--- Accuracy:  0.976333333333  ---
Loss:  0.0118177107033 , Train score:  0.997435897436 , Iteration:  13 , Time spent:  0:01:04.287713
Correct cases / Total cases:  2938 / 3000
--- Accuracy:  0.979333333333  ---
Loss:  0.0104724089889 , Train score:  0.996384615385 , Iteration:  14 , Time spent:  0:01:09.139321
Correct cases / Total cases:  2917 / 3000
--- Accuracy:  0.972333333333  ---
Loss:  0.011395298624 , Train score:  0.997769230769 , Iteration:  16 , Time spent:  0:01:18.577338
Correct cases / Total cases:  2938 / 3000
--- Accuracy:  0.979333333333  ---

********** Layers: (800, 400, 200) **********
Loss:  0.0127816820036 , Train score:  0.997641025641 , Iteration:  19 , Time spent:  0:04:32.594879
Correct cases / Total cases:  2912 / 3000
--- Accuracy:  0.970666666667  ---
Loss:  0.0171770854899 , Train score:  0.998051282051 , Iteration:  11 , Time spent:  0:02:37.778678
Correct cases / Total cases:  2937 / 3000
--- Accuracy:  0.979  ---
Loss:  0.0145211452237 , Train score:  0.996948717949 , Iteration:  13 , Time spent:  0:03:06.326727
Correct cases / Total cases:  2943 / 3000
--- Accuracy:  0.981  ---
Loss:  0.0142804843676 , Train score:  0.995307692308 , Iteration:  15 , Time spent:  0:03:31.863972
Correct cases / Total cases:  2946 / 3000
--- Accuracy:  0.982  ---
Loss:  0.00951390483744 , Train score:  0.996512820513 , Iteration:  20 , Time spent:  0:04:48.210506
Correct cases / Total cases:  2924 / 3000
--- Accuracy:  0.974666666667  ---

********** Layers: (1600, 800, 200) **********
Loss:  0.0145585154679 , Train score:  0.997230769231 , Iteration:  14 , Time spent:  0:08:52.506936
Correct cases / Total cases:  2931 / 3000
--- Accuracy:  0.977  ---
Loss:  0.00979084505656 , Train score:  0.999 , Iteration:  23 , Time spent:  0:14:31.651531
Correct cases / Total cases:  2932 / 3000
--- Accuracy:  0.977333333333  ---
Loss:  0.0122309940043 , Train score:  0.998205128205 , Iteration:  19 , Time spent:  0:12:02.031668
Correct cases / Total cases:  2933 / 3000
--- Accuracy:  0.977666666667  ---
Loss:  0.0142946038148 , Train score:  0.996692307692 , Iteration:  15 , Time spent:  0:09:28.776999
Correct cases / Total cases:  2924 / 3000
--- Accuracy:  0.974666666667  ---
Loss:  0.015820998213 , Train score:  0.997871794872 , Iteration:  18 , Time spent:  0:11:22.735200
Correct cases / Total cases:  2941 / 3000
--- Accuracy:  0.980333333333  ---

********** Layers: (400, 300, 200, 100) **********
Loss:  0.0125499145588 , Train score:  0.998076923077 , Iteration:  14 , Time spent:  0:01:32.554963
Correct cases / Total cases:  2927 / 3000
--- Accuracy:  0.975666666667  ---
Loss:  0.0114427903048 , Train score:  0.997512820513 , Iteration:  17 , Time spent:  0:01:52.756998
Correct cases / Total cases:  2922 / 3000
--- Accuracy:  0.974  ---
Loss:  0.0145131326412 , Train score:  0.996717948718 , Iteration:  19 , Time spent:  0:02:03.396216
Correct cases / Total cases:  2923 / 3000
--- Accuracy:  0.974333333333  ---
Loss:  0.0163345849591 , Train score:  0.997384615385 , Iteration:  12 , Time spent:  0:01:19.357339
Correct cases / Total cases:  2923 / 3000
--- Accuracy:  0.974333333333  ---
Loss:  0.0127836648537 , Train score:  0.997205128205 , Iteration:  13 , Time spent:  0:01:26.346151
Correct cases / Total cases:  2924 / 3000
--- Accuracy:  0.974666666667  ---

********** Layers: (400, 400, 400, 400) **********
Loss:  0.0150218106885 , Train score:  0.995461538462 , Iteration:  16 , Time spent:  0:03:07.153529
Correct cases / Total cases:  2914 / 3000
--- Accuracy:  0.971333333333  ---
Loss:  0.0147492486658 , Train score:  0.998102564103 , Iteration:  18 , Time spent:  0:03:30.335169
Correct cases / Total cases:  2939 / 3000
--- Accuracy:  0.979666666667  ---
Loss:  0.0180787470502 , Train score:  0.996435897436 , Iteration:  11 , Time spent:  0:02:08.185425
Correct cases / Total cases:  2913 / 3000
--- Accuracy:  0.971  ---
Loss:  0.0135535432904 , Train score:  0.998282051282 , Iteration:  25 , Time spent:  0:04:51.907713
Correct cases / Total cases:  2938 / 3000
--- Accuracy:  0.979333333333  ---
Loss:  0.0189366796759 , Train score:  0.995282051282 , Iteration:  14 , Time spent:  0:02:44.096688
Correct cases / Total cases:  2932 / 3000
--- Accuracy:  0.977333333333  ---

********** Layers: (800, 800, 800, 800) **********
Loss:  0.0171459926978 , Train score:  0.99758974359 , Iteration:  15 , Time spent:  0:09:17.295379
Correct cases / Total cases:  2922 / 3000
--- Accuracy:  0.974  ---
Loss:  0.0114190835262 , Train score:  0.995435897436 , Iteration:  19 , Time spent:  0:11:45.558040
Correct cases / Total cases:  2930 / 3000
--- Accuracy:  0.976666666667  ---
Loss:  0.0160154599559 , Train score:  0.997743589744 , Iteration:  15 , Time spent:  0:09:22.334188
Correct cases / Total cases:  2935 / 3000
--- Accuracy:  0.978333333333  ---
Loss:  0.0181654309626 , Train score:  0.996692307692 , Iteration:  16 , Time spent:  0:09:56.482647
Correct cases / Total cases:  2933 / 3000
--- Accuracy:  0.977666666667  ---
Loss:  0.0119706492859 , Train score:  0.998102564103 , Iteration:  28 , Time spent:  0:17:20.958629
Correct cases / Total cases:  2939 / 3000
--- Accuracy:  0.979666666667  ---

