=== Kaggle Digit Recognizer ===
Reading data
### Reading training data file...
Reading complete! Totally 42000 data
### Reading test data file...
Reading complete! Totally 28000 data
(42000, 784)
(42000,)
(28000, 784)
Reduce size to: 154
(42000, 154)
********** Layers: 100 **********
***** NONONO PCA *****
Loss:  0.00109796049755 , Train score:  0.999717948718 , Iteration:  56 , Time spent:  0:01:17.017169
Correct cases / Total cases:  2913 / 3000
--- Accuracy:  0.971  ---
***** PCA *****
Loss:  0.00108279786321 , Train score:  1.0 , Iteration:  51 , Time spent:  0:00:22.330942
Correct cases / Total cases:  2917 / 3000
--- Accuracy:  0.972333333333  ---

********** Layers: (100, 100) **********
***** NONONO PCA *****
Loss:  0.014734206525 , Train score:  0.997794871795 , Iteration:  29 , Time spent:  0:00:46.159939
Correct cases / Total cases:  2914 / 3000
--- Accuracy:  0.971333333333  ---
***** PCA *****
Loss:  0.00108396522289 , Train score:  1.0 , Iteration:  51 , Time spent:  0:00:22.319965
Correct cases / Total cases:  2912 / 3000
--- Accuracy:  0.970666666667  ---

********** Layers: (100, 100, 100) **********
***** NONONO PCA *****
Loss:  0.00912320394648 , Train score:  0.998076923077 , Iteration:  26 , Time spent:  0:00:47.295278
Correct cases / Total cases:  2921 / 3000
--- Accuracy:  0.973666666667  ---
***** PCA *****
Loss:  0.00103823643547 , Train score:  1.0 , Iteration:  52 , Time spent:  0:00:22.733391
Correct cases / Total cases:  2908 / 3000
--- Accuracy:  0.969333333333  ---

********** Layers: (100, 100, 100, 100) **********
***** NONONO PCA *****
Loss:  0.0173415778883 , Train score:  0.994076923077 , Iteration:  16 , Time spent:  0:00:33.814016
Correct cases / Total cases:  2897 / 3000
--- Accuracy:  0.965666666667  ---
***** PCA *****
Loss:  0.00106184344577 , Train score:  1.0 , Iteration:  51 , Time spent:  0:00:22.389840
Correct cases / Total cases:  2920 / 3000
--- Accuracy:  0.973333333333  ---

********** Layers: 200 **********
***** NONONO PCA *****
Loss:  0.0157132917719 , Train score:  0.992846153846 , Iteration:  38 , Time spent:  0:01:58.600086
Correct cases / Total cases:  2897 / 3000
--- Accuracy:  0.965666666667  ---
***** PCA *****
Loss:  0.00104409665049 , Train score:  1.0 , Iteration:  51 , Time spent:  0:00:22.582010
Correct cases / Total cases:  2920 / 3000
--- Accuracy:  0.973333333333  ---

********** Layers: (200, 200) **********
***** NONONO PCA *****
Loss:  0.0112694705216 , Train score:  0.997923076923 , Iteration:  17 , Time spent:  0:01:02.781663
Correct cases / Total cases:  2922 / 3000
--- Accuracy:  0.974  ---
***** PCA *****
Loss:  0.00108312740664 , Train score:  1.0 , Iteration:  51 , Time spent:  0:00:24.858671
Correct cases / Total cases:  2916 / 3000
--- Accuracy:  0.972  ---

********** Layers: (200, 200, 200) **********
***** NONONO PCA *****
Loss:  0.0180812808381 , Train score:  0.994384615385 , Iteration:  17 , Time spent:  0:01:08.210983
Correct cases / Total cases:  2911 / 3000
--- Accuracy:  0.970333333333  ---
***** PCA *****
Loss:  0.00106046781071 , Train score:  1.0 , Iteration:  51 , Time spent:  0:00:25.242263
Correct cases / Total cases:  2915 / 3000
--- Accuracy:  0.971666666667  ---

********** Layers: (200, 200, 200, 200) **********
***** NONONO PCA *****
Loss:  0.0130161380943 , Train score:  0.997769230769 , Iteration:  17 , Time spent:  0:01:23.672217
Correct cases / Total cases:  2929 / 3000
--- Accuracy:  0.976333333333  ---
***** PCA *****
Loss:  0.00107612162972 , Train score:  1.0 , Iteration:  51 , Time spent:  0:00:25.354817
Correct cases / Total cases:  2915 / 3000
--- Accuracy:  0.971666666667  ---

********** Layers: 400 **********
***** NONONO PCA *****
Loss:  0.000951595649146 , Train score:  1.0 , Iteration:  31 , Time spent:  0:02:59.950159
Correct cases / Total cases:  2931 / 3000
--- Accuracy:  0.977  ---
***** PCA *****
Loss:  0.00109997071926 , Train score:  1.0 , Iteration:  51 , Time spent:  0:00:24.991758
Correct cases / Total cases:  2912 / 3000
--- Accuracy:  0.970666666667  ---

********** Layers: (400, 400) **********
***** NONONO PCA *****
Loss:  0.00896125657717 , Train score:  0.997641025641 , Iteration:  16 , Time spent:  0:02:17.593822
Correct cases / Total cases:  2921 / 3000
--- Accuracy:  0.973666666667  ---
***** PCA *****
Loss:  0.00104067770227 , Train score:  1.0 , Iteration:  52 , Time spent:  0:00:25.552202
Correct cases / Total cases:  2919 / 3000
--- Accuracy:  0.973  ---

********** Layers: (400, 400, 400) **********
***** NONONO PCA *****
Loss:  0.0130689236885 , Train score:  0.995282051282 , Iteration:  14 , Time spent:  0:02:39.453462
Correct cases / Total cases:  2906 / 3000
--- Accuracy:  0.968666666667  ---
***** PCA *****
Loss:  0.00111087530882 , Train score:  1.0 , Iteration:  50 , Time spent:  0:00:24.831121
Correct cases / Total cases:  2915 / 3000
--- Accuracy:  0.971666666667  ---

********** Layers: (400, 400, 400, 400) **********
***** NONONO PCA *****
Loss:  0.00832308069953 , Train score:  0.996538461538 , Iteration:  22 , Time spent:  0:05:19.224190
Correct cases / Total cases:  2919 / 3000
--- Accuracy:  0.973  ---
***** PCA *****
Loss:  0.00104433035694 , Train score:  1.0 , Iteration:  51 , Time spent:  0:00:22.683574
Correct cases / Total cases:  2924 / 3000
--- Accuracy:  0.974666666667  ---

********** Layers: (400, 200) **********
***** NONONO PCA *****
Loss:  0.00910408077159 , Train score:  0.998846153846 , Iteration:  13 , Time spent:  0:01:34.956620
Correct cases / Total cases:  2920 / 3000
--- Accuracy:  0.973333333333  ---
***** PCA *****
Loss:  0.00113909379881 , Train score:  1.0 , Iteration:  50 , Time spent:  0:00:22.099067
Correct cases / Total cases:  2923 / 3000
--- Accuracy:  0.974333333333  ---

********** Layers: (400, 200, 100) **********
***** NONONO PCA *****
Loss:  0.0120889789606 , Train score:  0.993923076923 , Iteration:  13 , Time spent:  0:01:38.894637
Correct cases / Total cases:  2912 / 3000
--- Accuracy:  0.970666666667  ---
***** PCA *****
Loss:  0.00114808070328 , Train score:  1.0 , Iteration:  50 , Time spent:  0:00:22.180991
Correct cases / Total cases:  2916 / 3000
--- Accuracy:  0.972  ---

********** Layers: 700 **********
***** NONONO PCA *****
Loss:  0.000982176919855 , Train score:  1.0 , Iteration:  26 , Time spent:  0:04:18.820037
Correct cases / Total cases:  2932 / 3000
--- Accuracy:  0.977333333333  ---
***** PCA *****
Loss:  0.00104070556637 , Train score:  1.0 , Iteration:  52 , Time spent:  0:00:25.878444
Correct cases / Total cases:  2912 / 3000
--- Accuracy:  0.970666666667  ---

********** Layers: (700, 700) **********
***** NONONO PCA *****
Loss:  0.0083531105512 , Train score:  0.997461538462 , Iteration:  16 , Time spent:  0:04:53.769565
Correct cases / Total cases:  2922 / 3000
--- Accuracy:  0.974  ---
***** PCA *****
Loss:  0.00105924396314 , Train score:  1.0 , Iteration:  51 , Time spent:  0:00:25.185092
Correct cases / Total cases:  2916 / 3000
--- Accuracy:  0.972  ---

********** Layers: (700, 700, 700) **********
***** NONONO PCA *****
Loss:  0.0124147215001 , Train score:  0.998153846154 , Iteration:  17 , Time spent:  0:07:34.777335
Correct cases / Total cases:  2934 / 3000
--- Accuracy:  0.978  ---
***** PCA *****
Loss:  0.00103985244292 , Train score:  1.0 , Iteration:  52 , Time spent:  0:00:23.079815
Correct cases / Total cases:  2917 / 3000
--- Accuracy:  0.972333333333  ---

********** Layers: 1200 **********
***** NONONO PCA *****
Loss:  0.0010999037402 , Train score:  1.0 , Iteration:  21 , Time spent:  0:05:26.514068
Correct cases / Total cases:  2936 / 3000
--- Accuracy:  0.978666666667  ---
***** PCA *****
Loss:  0.00116329225733 , Train score:  1.0 , Iteration:  51 , Time spent:  0:00:22.438844
Correct cases / Total cases:  2909 / 3000
--- Accuracy:  0.969666666667  ---

********** Layers: (1200, 1200) **********
***** NONONO PCA *****
Loss:  0.0132286923191 , Train score:  0.996076923077 , Iteration:  12 , Time spent:  0:07:58.875225
Correct cases / Total cases:  2912 / 3000
--- Accuracy:  0.970666666667  ---
***** PCA *****
Loss:  0.00101161722957 , Train score:  1.0 , Iteration:  52 , Time spent:  0:00:22.944534
Correct cases / Total cases:  2909 / 3000
--- Accuracy:  0.969666666667  ---

********** Layers: (1200, 1200, 1200) **********
***** NONONO PCA *****
Loss:  0.0145576488366 , Train score:  0.998769230769 , Iteration:  14 , Time spent:  0:14:51.708622
Correct cases / Total cases:  2945 / 3000
--- Accuracy:  0.981666666667  ---
***** PCA *****
Loss:  0.00100193646001 , Train score:  1.0 , Iteration:  52 , Time spent:  0:00:26.043958
Correct cases / Total cases:  2926 / 3000
--- Accuracy:  0.975333333333  ---

********** Layers: 1500 **********
***** NONONO PCA *****
Loss:  0.000947501890074 , Train score:  1.0 , Iteration:  22 , Time spent:  0:07:13.807984
Correct cases / Total cases:  2938 / 3000
--- Accuracy:  0.979333333333  ---
***** PCA *****
Loss:  0.000996349266024 , Train score:  1.0 , Iteration:  52 , Time spent:  0:00:22.947158
Correct cases / Total cases:  2920 / 3000
--- Accuracy:  0.973333333333  ---

********** Layers: 1200 **********
***** NONONO PCA *****
Loss:  0.00100796533917 , Train score:  1.0 , Iteration:  22 , Time spent:  0:05:54.325569
Correct cases / Total cases:  2937 / 3000
--- Accuracy:  0.979  ---
***** PCA *****
Loss:  0.00106947789675 , Train score:  1.0 , Iteration:  52 , Time spent:  0:00:25.852038
Correct cases / Total cases:  2911 / 3000
--- Accuracy:  0.970333333333  ---

********** Layers: (1200, 1200) **********
***** NONONO PCA *****
Loss:  0.0110584878186 , Train score:  0.997717948718 , Iteration:  22 , Time spent:  0:14:51.253045
Correct cases / Total cases:  2924 / 3000
--- Accuracy:  0.974666666667  ---
***** PCA *****
Loss:  0.00105322953464 , Train score:  1.0 , Iteration:  52 , Time spent:  0:00:23.058800
Correct cases / Total cases:  2919 / 3000
--- Accuracy:  0.973  ---

********** Layers: (1200, 1200, 1200) **********
***** NONONO PCA *****
Loss:  0.0255558055379 , Train score:  0.994974358974 , Iteration:  12 , Time spent:  0:12:50.526499
Correct cases / Total cases:  2917 / 3000
--- Accuracy:  0.972333333333  ---
***** PCA *****
Loss:  0.00107601349867 , Train score:  1.0 , Iteration:  51 , Time spent:  0:00:22.366581
Correct cases / Total cases:  2917 / 3000
--- Accuracy:  0.972333333333  ---

********** Layers: (1200, 1200, 1200, 1200) **********
***** NONONO PCA *****
Loss:  0.0162173102654 , Train score:  0.997205128205 , Iteration:  23 , Time spent:  0:33:31.034066
Correct cases / Total cases:  2930 / 3000
--- Accuracy:  0.976666666667  ---
***** PCA *****
Loss:  0.00110939614526 , Train score:  1.0 , Iteration:  51 , Time spent:  0:00:22.597403
Correct cases / Total cases:  2907 / 3000
--- Accuracy:  0.969  ---

********** Layers: (1200, 1200, 1200, 1200, 1200) **********
***** NONONO PCA *****
^Z
[3]+  Stopped                 python3 digit_recognizer.py
Chende-MacBook-Air:codes sky$ 

